<?xml version="1.0" encoding="UTF-8"?>
<testng-results skipped="1" failed="0" total="1" passed="0">
  <reporter-output>
  </reporter-output>
  <suite name="Default suite" duration-ms="105" started-at="2015-01-21T15:05:32Z" finished-at="2015-01-21T15:05:32Z">
    <groups>
    </groups>
    <test name="Default test" duration-ms="105" started-at="2015-01-21T15:05:32Z" finished-at="2015-01-21T15:05:32Z">
      <class name="training.test4.TaniTestAutomation">
        <test-method status="FAIL" signature="setUp()[pri:0, instance:training.test4.TaniTestAutomation@1518f00]" name="setUp" is-config="true" duration-ms="0" started-at="2015-01-21T17:05:32Z" finished-at="2015-01-21T17:05:32Z">
          <exception class="org.openqa.selenium.WebDriverException">
            <message>
              <![CDATA[Error forwarding the new session Empty pool of VM for setup {firefox_profile=UEsDBBQACAgIALCINUYAAAAAAAAAAAAAAAAHAAAAdXNlci5qc41WTW/bMAy971cMOW3AIrQrdtlO
W7vDgAEtUBQ7CrJMx2pkSRCpOPn3o+wE+XJs3/xBUuTj46MSQpQhQvVpAVsCh8Y7FCmUikA4T6ba
vbHJ4svHSlmEzz8+pKMHgk7R0E60KjoJjiAat5LdZxBY+1Z6p2HCWWMQ4FRhbxiWsCHvLQqI0UfN
+XkLe4+SXSimC48i+pbfhIOWVBHU6tR84ITrykfND+FL34jWuNK3okxNGE3JV5U1DpYqBBTKWoam
2MkSKpUsDXrk6KXBHFL6AE6WqUPXejVdRmG9XluDNK8SJBUpBZGhYsu7c6uM/tqQILDQAMWdiPAO
mm6UmhNv1FbqOvoGJOpoAsmYnCTT5PAPF/ED2wVCwb2SjS+VHU+aIZzVphM7lcgPGx1qc0Ctj+tG
OYYgHoAfZdcBtJqr3AO3UIVP9L2wyq0X5177A0R/wvLABw5CCSe6Ayrqel/LeBnHFs3qO6ewFh25
eFR6KrPD12Hj329/fwq/4Sk05TAyJwTMiD/1IL5qPiGXeH83EvhBKK0h3CKVVTtGlrUCBevBi9mC
xReIL9uM+r24W8xSphbUei6APSu7dG4AgqqC7plDj+M9KpRzXCyozXxpbaEoo+FOyR5TmRwjilyM
1BAJR2nNHHBZY8RhFvJh/2pwr5nvnMQNld5P/fS4v6uN6q2YetSxJR/xxz320j6Y3WF8aqKQz1ny
HnCsQdl9GSAu2XTT7alLlp15htpgvVvm30EhLi24FdW5xd++3eSy9avVeYuv8xtr1/gM7pVg7qDm
vKJT9pqWaFbOO9bmBpoC4mv3OiEt/YYUKdpx9ToyqgdBOkX8KmHDZB7nE8fHDpVn92g9TtG9Mhb4
SfhoGHQZvDV6l1k0YY8UjSZ56TY+HYiJN9RxOgx/6Eg00OALtWctsTrvtz12ixsaUYO1Qteg10/9
sv/V/5mQ/FNpaZRl/Ca23TkBMRWNIWncGAPzyEYIPpLkG4l8RyZXlgvT02aK5BsDbSZ5w2I8db8A
7EaJPJcRoUO9Yn2VOiqsx31P+PPMAzCn+rPMZt9Dr1fFoOt/UEsHCO/98F8dAwAAMgsAAFBLAQIU
ABQACAgIALCINUbv/fBfHQMAADILAAAHAAAAAAAAAAAAAAAAAAAAAAB1c2VyLmpzUEsFBgAAAAAB
AAEANQAAAFIDAAAAAA==, browserName=firefox}
Command duration or timeout: 65 milliseconds
Build info: version: '2.42.2', revision: '6a6995d', time: '2014-06-03 17:42:30'
System info: host: 'BICER', ip: '192.168.7.50', os.name: 'Windows 8', os.arch: 'x86', os.version: '6.2', java.version: '1.7.0_40'
Driver info: org.openqa.selenium.remote.RemoteWebDriver]]>
            </message>
            <full-stacktrace>
              <![CDATA[org.openqa.selenium.WebDriverException: Error forwarding the new session Empty pool of VM for setup {firefox_profile=UEsDBBQACAgIALCINUYAAAAAAAAAAAAAAAAHAAAAdXNlci5qc41WTW/bMAy971cMOW3AIrQrdtlO
W7vDgAEtUBQ7CrJMx2pkSRCpOPn3o+wE+XJs3/xBUuTj46MSQpQhQvVpAVsCh8Y7FCmUikA4T6ba
vbHJ4svHSlmEzz8+pKMHgk7R0E60KjoJjiAat5LdZxBY+1Z6p2HCWWMQ4FRhbxiWsCHvLQqI0UfN
+XkLe4+SXSimC48i+pbfhIOWVBHU6tR84ITrykfND+FL34jWuNK3okxNGE3JV5U1DpYqBBTKWoam
2MkSKpUsDXrk6KXBHFL6AE6WqUPXejVdRmG9XluDNK8SJBUpBZGhYsu7c6uM/tqQILDQAMWdiPAO
mm6UmhNv1FbqOvoGJOpoAsmYnCTT5PAPF/ED2wVCwb2SjS+VHU+aIZzVphM7lcgPGx1qc0Ctj+tG
OYYgHoAfZdcBtJqr3AO3UIVP9L2wyq0X5177A0R/wvLABw5CCSe6Ayrqel/LeBnHFs3qO6ewFh25
eFR6KrPD12Hj329/fwq/4Sk05TAyJwTMiD/1IL5qPiGXeH83EvhBKK0h3CKVVTtGlrUCBevBi9mC
xReIL9uM+r24W8xSphbUei6APSu7dG4AgqqC7plDj+M9KpRzXCyozXxpbaEoo+FOyR5TmRwjilyM
1BAJR2nNHHBZY8RhFvJh/2pwr5nvnMQNld5P/fS4v6uN6q2YetSxJR/xxz320j6Y3WF8aqKQz1ny
HnCsQdl9GSAu2XTT7alLlp15htpgvVvm30EhLi24FdW5xd++3eSy9avVeYuv8xtr1/gM7pVg7qDm
vKJT9pqWaFbOO9bmBpoC4mv3OiEt/YYUKdpx9ToyqgdBOkX8KmHDZB7nE8fHDpVn92g9TtG9Mhb4
SfhoGHQZvDV6l1k0YY8UjSZ56TY+HYiJN9RxOgx/6Eg00OALtWctsTrvtz12ixsaUYO1Qteg10/9
sv/V/5mQ/FNpaZRl/Ca23TkBMRWNIWncGAPzyEYIPpLkG4l8RyZXlgvT02aK5BsDbSZ5w2I8db8A
7EaJPJcRoUO9Yn2VOiqsx31P+PPMAzCn+rPMZt9Dr1fFoOt/UEsHCO/98F8dAwAAMgsAAFBLAQIU
ABQACAgIALCINUbv/fBfHQMAADILAAAHAAAAAAAAAAAAAAAAAAAAAAB1c2VyLmpzUEsFBgAAAAAB
AAEANQAAAFIDAAAAAA==, browserName=firefox}
Command duration or timeout: 65 milliseconds
Build info: version: '2.42.2', revision: '6a6995d', time: '2014-06-03 17:42:30'
System info: host: 'BICER', ip: '192.168.7.50', os.name: 'Windows 8', os.arch: 'x86', os.version: '6.2', java.version: '1.7.0_40'
Driver info: org.openqa.selenium.remote.RemoteWebDriver
	at sun.reflect.NativeConstructorAccessorImpl.newInstance0(Native Method)
	at sun.reflect.NativeConstructorAccessorImpl.newInstance(Unknown Source)
	at sun.reflect.DelegatingConstructorAccessorImpl.newInstance(Unknown Source)
	at java.lang.reflect.Constructor.newInstance(Unknown Source)
	at org.openqa.selenium.remote.ErrorHandler.createThrowable(ErrorHandler.java:204)
	at org.openqa.selenium.remote.ErrorHandler.throwIfResponseFailed(ErrorHandler.java:156)
	at org.openqa.selenium.remote.RemoteWebDriver.execute(RemoteWebDriver.java:599)
	at org.openqa.selenium.remote.RemoteWebDriver.startSession(RemoteWebDriver.java:240)
	at org.openqa.selenium.remote.RemoteWebDriver.<init>(RemoteWebDriver.java:126)
	at org.openqa.selenium.remote.RemoteWebDriver.<init>(RemoteWebDriver.java:153)
	at training.test4.TestBased.setUp(TestBased.java:25)
	at sun.reflect.NativeMethodAccessorImpl.invoke0(Native Method)
	at sun.reflect.NativeMethodAccessorImpl.invoke(Unknown Source)
	at sun.reflect.DelegatingMethodAccessorImpl.invoke(Unknown Source)
	at java.lang.reflect.Method.invoke(Unknown Source)
	at org.testng.internal.MethodInvocationHelper.invokeMethod(MethodInvocationHelper.java:84)
	at org.testng.internal.Invoker.invokeConfigurationMethod(Invoker.java:564)
	at org.testng.internal.Invoker.invokeConfigurations(Invoker.java:213)
	at org.testng.internal.Invoker.invokeMethod(Invoker.java:653)
	at org.testng.internal.Invoker.invokeTestMethod(Invoker.java:901)
	at org.testng.internal.Invoker.invokeTestMethods(Invoker.java:1231)
	at org.testng.internal.TestMethodWorker.invokeTestMethods(TestMethodWorker.java:127)
	at org.testng.internal.TestMethodWorker.run(TestMethodWorker.java:111)
	at org.testng.TestRunner.privateRun(TestRunner.java:767)
	at org.testng.TestRunner.run(TestRunner.java:617)
	at org.testng.SuiteRunner.runTest(SuiteRunner.java:334)
	at org.testng.SuiteRunner.runSequentially(SuiteRunner.java:329)
	at org.testng.SuiteRunner.privateRun(SuiteRunner.java:291)
	at org.testng.SuiteRunner.run(SuiteRunner.java:240)
	at org.testng.SuiteRunnerWorker.runSuite(SuiteRunnerWorker.java:52)
	at org.testng.SuiteRunnerWorker.run(SuiteRunnerWorker.java:86)
	at org.testng.TestNG.runSuitesSequentially(TestNG.java:1224)
	at org.testng.TestNG.runSuitesLocally(TestNG.java:1149)
	at org.testng.TestNG.run(TestNG.java:1057)
	at org.testng.remote.RemoteTestNG.run(RemoteTestNG.java:111)
	at org.testng.remote.RemoteTestNG.initAndRun(RemoteTestNG.java:204)
	at org.testng.remote.RemoteTestNG.main(RemoteTestNG.java:175)
Caused by: org.openqa.selenium.remote.ErrorHandler$UnknownServerException: Error forwarding the new session Empty pool of VM for setup {firefox_profile=UEsDBBQACAgIALCINUYAAAAAAAAAAAAAAAAHAAAAdXNlci5qc41WTW/bMAy971cMOW3AIrQrdtlO
W7vDgAEtUBQ7CrJMx2pkSRCpOPn3o+wE+XJs3/xBUuTj46MSQpQhQvVpAVsCh8Y7FCmUikA4T6ba
vbHJ4svHSlmEzz8+pKMHgk7R0E60KjoJjiAat5LdZxBY+1Z6p2HCWWMQ4FRhbxiWsCHvLQqI0UfN
+XkLe4+SXSimC48i+pbfhIOWVBHU6tR84ITrykfND+FL34jWuNK3okxNGE3JV5U1DpYqBBTKWoam
2MkSKpUsDXrk6KXBHFL6AE6WqUPXejVdRmG9XluDNK8SJBUpBZGhYsu7c6uM/tqQILDQAMWdiPAO
mm6UmhNv1FbqOvoGJOpoAsmYnCTT5PAPF/ED2wVCwb2SjS+VHU+aIZzVphM7lcgPGx1qc0Ctj+tG
OYYgHoAfZdcBtJqr3AO3UIVP9L2wyq0X5177A0R/wvLABw5CCSe6Ayrqel/LeBnHFs3qO6ewFh25
eFR6KrPD12Hj329/fwq/4Sk05TAyJwTMiD/1IL5qPiGXeH83EvhBKK0h3CKVVTtGlrUCBevBi9mC
xReIL9uM+r24W8xSphbUei6APSu7dG4AgqqC7plDj+M9KpRzXCyozXxpbaEoo+FOyR5TmRwjilyM
1BAJR2nNHHBZY8RhFvJh/2pwr5nvnMQNld5P/fS4v6uN6q2YetSxJR/xxz320j6Y3WF8aqKQz1ny
HnCsQdl9GSAu2XTT7alLlp15htpgvVvm30EhLi24FdW5xd++3eSy9avVeYuv8xtr1/gM7pVg7qDm
vKJT9pqWaFbOO9bmBpoC4mv3OiEt/YYUKdpx9ToyqgdBOkX8KmHDZB7nE8fHDpVn92g9TtG9Mhb4
SfhoGHQZvDV6l1k0YY8UjSZ56TY+HYiJN9RxOgx/6Eg00OALtWctsTrvtz12ixsaUYO1Qteg10/9
sv/V/5mQ/FNpaZRl/Ca23TkBMRWNIWncGAPzyEYIPpLkG4l8RyZXlgvT02aK5BsDbSZ5w2I8db8A
7EaJPJcRoUO9Yn2VOiqsx31P+PPMAzCn+rPMZt9Dr1fFoOt/UEsHCO/98F8dAwAAMgsAAFBLAQIU
ABQACAgIALCINUbv/fBfHQMAADILAAAHAAAAAAAAAAAAAAAAAAAAAAB1c2VyLmpzUEsFBgAAAAAB
AAEANQAAAFIDAAAAAA==, browserName=firefox}
Build info: version: '2.42.2', revision: '6a6995d', time: '2014-06-03 17:42:30'
System info: host: 'BICER', ip: '192.168.7.50', os.name: 'Windows 8', os.arch: 'x86', os.version: '6.2', java.version: '1.7.0_40'
Driver info: driver.version: unknown
	at org.openqa.grid.web.servlet.handler.RequestHandler.process(RequestHandler.java:150)
	at org.openqa.grid.web.servlet.DriverServlet.process(DriverServlet.java:81)
	at org.openqa.grid.web.servlet.DriverServlet.doPost(DriverServlet.java:67)
	at javax.servlet.http.HttpServlet.service(HttpServlet.java:727)
	at javax.servlet.http.HttpServlet.service(HttpServlet.java:820)
	at org.openqa.jetty.jetty.servlet.ServletHolder.handle(ServletHolder.java:428)
	at org.openqa.jetty.jetty.servlet.WebApplicationHandler.dispatch(WebApplicationHandler.java:473)
	at org.openqa.jetty.jetty.servlet.ServletHandler.handle(ServletHandler.java:568)
	at org.openqa.jetty.http.HttpContext.handle(HttpContext.java:1530)
	at org.openqa.jetty.jetty.servlet.WebApplicationContext.handle(WebApplicationContext.java:633)
	at org.openqa.jetty.http.HttpContext.handle(HttpContext.java:1482)
	at org.openqa.jetty.http.HttpServer.service(HttpServer.java:909)
	at org.openqa.jetty.http.HttpConnection.service(HttpConnection.java:820)
	at org.openqa.jetty.http.HttpConnection.handleNext(HttpConnection.java:986)
	at org.openqa.jetty.http.HttpConnection.handle(HttpConnection.java:837)
	at org.openqa.jetty.http.SocketListener.handleConnection(SocketListener.java:243)
	at org.openqa.jetty.util.ThreadedServer.handle(ThreadedServer.java:357)
	at org.openqa.jetty.util.ThreadPool$PoolThread.run(ThreadPool.java:534)
]]>
            </full-stacktrace>
          </exception> <!-- org.openqa.selenium.WebDriverException -->
          <reporter-output>
          </reporter-output>
        </test-method> <!-- setUp -->
        <test-method status="SKIP" signature="starting()[pri:0, instance:training.test4.TaniTestAutomation@1518f00]" name="starting" duration-ms="1" started-at="2015-01-21T17:05:32Z" finished-at="2015-01-21T17:05:32Z">
          <reporter-output>
          </reporter-output>
        </test-method> <!-- starting -->
        <test-method status="SKIP" signature="closeBrowser()[pri:0, instance:training.test4.TaniTestAutomation@1518f00]" name="closeBrowser" is-config="true" duration-ms="0" started-at="2015-01-21T17:05:32Z" finished-at="2015-01-21T17:05:32Z">
          <reporter-output>
          </reporter-output>
        </test-method> <!-- closeBrowser -->
      </class> <!-- training.test4.TaniTestAutomation -->
    </test> <!-- Default test -->
  </suite> <!-- Default suite -->
</testng-results>
